0 info it worked if it ends with ok
1 verbose cli [ '/usr/bin/node', '/usr/bin/npm', 'run', 'console' ]
2 info using npm@1.4.28
3 info using node@v0.10.33
4 verbose node symlink /usr/bin/node
5 verbose run-script [ 'preconsole', 'console', 'postconsole' ]
6 info preconsole open-scad-analyzer@0.0.0
7 info console open-scad-analyzer@0.0.0
8 verbose unsafe-perm in lifecycle true
9 info open-scad-analyzer@0.0.0 Failed to exec console script
10 error open-scad-analyzer@0.0.0 console: `node server/api/thing/Cli.js`
10 error Exit status 8
11 error Failed at the open-scad-analyzer@0.0.0 console script.
11 error This is most likely a problem with the open-scad-analyzer package,
11 error not with npm itself.
11 error Tell the author that this fails on your system:
11 error     node server/api/thing/Cli.js
11 error You can get their info via:
11 error     npm owner ls open-scad-analyzer
11 error There is likely additional logging output above.
12 error System Linux 3.2.0-72-generic-pae
13 error command "/usr/bin/node" "/usr/bin/npm" "run" "console"
14 error cwd /home/francois/PROJETS/V2/openScadScriptAnalyzerDev
15 error node -v v0.10.33
16 error npm -v 1.4.28
17 error code ELIFECYCLE
18 verbose exit [ 1, true ]
